0 info it worked if it ends with ok
1 verbose cli [ '/usr/local/Cellar/node/5.1.0/bin/node',
1 verbose cli   '/usr/local/bin/npm',
1 verbose cli   'start' ]
2 info using npm@3.3.12
3 info using node@v5.1.0
4 verbose run-script [ 'prestart', 'start', 'poststart' ]
5 info lifecycle Cube-App@0.0.0~prestart: Cube-App@0.0.0
6 silly lifecycle Cube-App@0.0.0~prestart: no script for prestart, continuing
7 info lifecycle Cube-App@0.0.0~start: Cube-App@0.0.0
8 verbose lifecycle Cube-App@0.0.0~start: unsafe-perm in lifecycle true
9 verbose lifecycle Cube-App@0.0.0~start: PATH: /usr/local/lib/node_modules/npm/bin/node-gyp-bin:/Users/saad/Projects/cube-timer/node_modules/.bin:/Users/saad/.rvm/gems/ruby-2.2.0/bin:/Users/saad/.rvm/gems/ruby-2.2.0@global/bin:/Users/saad/.rvm/rubies/ruby-2.2.0/bin:/usr/local/bin:/usr/bin:/bin:/usr/sbin:/sbin:/Library/TeX/texbin:/Users/saad/.rvm/bin
10 verbose lifecycle Cube-App@0.0.0~start: CWD: /Users/saad/Projects/cube-timer
11 silly lifecycle Cube-App@0.0.0~start: Args: [ '-c', 'babel-node ./bin/www' ]
12 silly lifecycle Cube-App@0.0.0~start: Returned: code: 1  signal: null
13 info lifecycle Cube-App@0.0.0~start: Failed to exec start script
14 verbose stack Error: Cube-App@0.0.0 start: `babel-node ./bin/www`
14 verbose stack Exit status 1
14 verbose stack     at EventEmitter.<anonymous> (/usr/local/lib/node_modules/npm/lib/utils/lifecycle.js:232:16)
14 verbose stack     at emitTwo (events.js:87:13)
14 verbose stack     at EventEmitter.emit (events.js:172:7)
14 verbose stack     at ChildProcess.<anonymous> (/usr/local/lib/node_modules/npm/lib/utils/spawn.js:24:14)
14 verbose stack     at emitTwo (events.js:87:13)
14 verbose stack     at ChildProcess.emit (events.js:172:7)
14 verbose stack     at maybeClose (internal/child_process.js:818:16)
14 verbose stack     at Process.ChildProcess._handle.onexit (internal/child_process.js:211:5)
15 verbose pkgid Cube-App@0.0.0
16 verbose cwd /Users/saad/Projects/cube-timer
17 error Darwin 15.0.0
18 error argv "/usr/local/Cellar/node/5.1.0/bin/node" "/usr/local/bin/npm" "start"
19 error node v5.1.0
20 error npm  v3.3.12
21 error code ELIFECYCLE
22 error Cube-App@0.0.0 start: `babel-node ./bin/www`
22 error Exit status 1
23 error Failed at the Cube-App@0.0.0 start script 'babel-node ./bin/www'.
23 error Make sure you have the latest version of node.js and npm installed.
23 error If you do, this is most likely a problem with the Cube-App package,
23 error not with npm itself.
23 error Tell the author that this fails on your system:
23 error     babel-node ./bin/www
23 error You can get their info via:
23 error     npm owner ls Cube-App
23 error There is likely additional logging output above.
24 verbose exit [ 1, true ]
